<?xml version="1.0" encoding="UTF-8"?>
<!-- Generated by org.testng.reporters.JUnitXMLReporter -->
<testsuite hostname="FULL609-PRO.local" ignored="2" name="Test" tests="4" failures="0" timestamp="28 Oct 2020 08:49:04 GMT" time="17.46" errors="0">
  <testcase name="validLoginTest" time="1.407" classname="com.framework.testcase.LoginTest"/>
  <testcase name="addToCartTest" time="3.668" classname="com.framework.testcase.AddToCartTest"/>
  <testcase name="checkErrorMessage" time="0.368" classname="com.framework.testcase.LoginTest"/>
  <testcase name="addTwoItemAndCheckout" time="2.54" classname="com.framework.testcase.AddToCartTest"/>
  <testcase name="@AfterSuite afterSuite" time="0.0" classname="com.framework.annotations.Annotation">
    <ignored/>
  </testcase> <!-- @AfterSuite afterSuite -->
  <testcase name="@BeforeSuite beforeSuite" time="0.0" classname="com.framework.annotations.Annotation">
    <ignored/>
  </testcase> <!-- @BeforeSuite beforeSuite -->
</testsuite> <!-- Test -->
