<?xml version="1.0" encoding="UTF-8"?>
<!-- Generated by org.testng.reporters.JUnitXMLReporter -->
<testsuite hostname="FULL609-PRO.local" ignored="2" name="Test" tests="3" failures="0" timestamp="10 Aug 2020 04:38:58 GMT" time="0.025" errors="0">
  <testcase name="@BeforeMethod beforeMethod" time="0.0" classname="com.framework.annotations.Annotation">
    <failure type="java.lang.NullPointerException">
      <![CDATA[java.lang.NullPointerException
at com.framework.seleniumBase.SeleniumBase.startApp(SeleniumBase.java:31)
at com.framework.annotations.Annotation.beforeMethod(Annotation.java:30)
... Removed 28 stack frames]]>
    </failure>
  </testcase> <!-- @BeforeMethod beforeMethod -->
  <testcase name="@AfterMethod afterMethod" time="0.0" classname="com.framework.annotations.Annotation">
    <skipped/>
  </testcase> <!-- @AfterMethod afterMethod -->
  <testcase name="@BeforeMethod beforeMethod" time="0.0" classname="com.framework.annotations.Annotation">
    <failure type="java.lang.NullPointerException">
      <![CDATA[java.lang.NullPointerException
at com.framework.seleniumBase.SeleniumBase.startApp(SeleniumBase.java:31)
at com.framework.annotations.Annotation.beforeMethod(Annotation.java:30)
... Removed 28 stack frames]]>
    </failure>
  </testcase> <!-- @BeforeMethod beforeMethod -->
  <testcase name="@AfterMethod afterMethod" time="0.0" classname="com.framework.annotations.Annotation">
    <skipped/>
  </testcase> <!-- @AfterMethod afterMethod -->
  <testcase name="@BeforeMethod beforeMethod" time="0.0" classname="com.framework.annotations.Annotation">
    <skipped/>
  </testcase> <!-- @BeforeMethod beforeMethod -->
  <testcase name="@AfterMethod afterMethod" time="0.0" classname="com.framework.annotations.Annotation">
    <skipped/>
  </testcase> <!-- @AfterMethod afterMethod -->
  <testcase name="validLoginTest" time="0.0" classname="com.framework.testcase.LoginTest">
    <skipped/>
  </testcase> <!-- validLoginTest -->
  <testcase name="addToCartTest" time="0.0" classname="com.framework.testcase.AddToCartTest">
    <skipped/>
  </testcase> <!-- addToCartTest -->
  <testcase name="checkErrorMessage" time="0.0" classname="com.framework.testcase.LoginTest">
    <skipped/>
  </testcase> <!-- checkErrorMessage -->
  <testcase name="@AfterSuite afterSuite" time="0.0" classname="com.framework.annotations.Annotation">
    <ignored/>
  </testcase> <!-- @AfterSuite afterSuite -->
  <testcase name="@BeforeSuite beforeSuite" time="0.0" classname="com.framework.annotations.Annotation">
    <ignored/>
  </testcase> <!-- @BeforeSuite beforeSuite -->
</testsuite> <!-- Test -->
