<?xml version="1.0" encoding="UTF-8"?>
<testsuite xmlns:xsi="http://www.w3.org/2001/XMLSchema-instance" xsi:noNamespaceSchemaLocation="https://maven.apache.org/surefire/maven-surefire-plugin/xsd/surefire-test-report-3.0.xsd" version="3.0" name="TestSuite" time="8.776" tests="1" errors="0" skipped="0" failures="0">
  <properties>
[...]
</properties>
  <testcase name="feature[Login features](1)" classname="runner.TestRunner" time="8.22">
    <system-out><![CDATA[Feature: Login features

  @Test
  Scenario Outline: Login with valid credentials      &amp#27;[90m# Login.feature:4&amp#27;[0m
    &amp#27;[36mGiven &amp#27;[0m&amp#27;[36mlogin credentials <userName> and <password>&amp#27;[0m
    &amp#27;[36mWhen &amp#27;[0m&amp#27;[36mClick on login button&amp#27;[0m
    &amp#27;[36mThen &amp#27;[0m&amp#27;[36mVerify home page&amp#27;[0m

    Examples: 

  @Test
  Scenario Outline: Login with valid credentials           &amp#27;[90m# Login.feature:10&amp#27;[0m
    &amp#27;[32mGiven &amp#27;[0m&amp#27;[32mlogin credentials &amp#27;[0m&amp#27;[32m&amp#27;[1mstandard_user&amp#27;[0m&amp#27;[32m and &amp#27;[0m&amp#27;[32m&amp#27;[1msecret_sauce&amp#27;[0m &amp#27;[90m# LoginStepDefinition.valid_login_credentials(String,String)&amp#27;[0m
    &amp#27;[32mWhen &amp#27;[0m&amp#27;[32mClick on login button&amp#27;[0m                             &amp#27;[90m# LoginStepDefinition.click_on_login_button()&amp#27;[0m
    &amp#27;[32mThen &amp#27;[0m&amp#27;[32mVerify home page&amp#27;[0m                                  &amp#27;[90m# LoginStepDefinition.verify_home_page()&amp#27;[0m

  @Test
  Scenario Outline: Verify error message showing properly for invalid credentials &amp#27;[90m# Login.feature:13&amp#27;[0m
    &amp#27;[36mGiven &amp#27;[0m&amp#27;[36mlogin credentials <userName> and <password>&amp#27;[0m
    &amp#27;[36mWhen &amp#27;[0m&amp#27;[36mClick on login button&amp#27;[0m
    &amp#27;[36mThen &amp#27;[0m&amp#27;[36mVerify error message&amp#27;[0m

    Examples: 

  @Test
  Scenario Outline: Verify error message showing properly for invalid credentials &amp#27;[90m# Login.feature:19&amp#27;[0m
    &amp#27;[32mGiven &amp#27;[0m&amp#27;[32mlogin credentials &amp#27;[0m&amp#27;[32m&amp#27;[1mcheck&amp#27;[0m&amp#27;[32m and &amp#27;[0m&amp#27;[32m&amp#27;[1mcheck&amp#27;[0m                                       &amp#27;[90m# LoginStepDefinition.valid_login_credentials(String,String)&amp#27;[0m
    &amp#27;[32mWhen &amp#27;[0m&amp#27;[32mClick on login button&amp#27;[0m                                                    &amp#27;[90m# LoginStepDefinition.click_on_login_button()&amp#27;[0m
    &amp#27;[32mThen &amp#27;[0m&amp#27;[32mVerify error message&amp#27;[0m                                                     &amp#27;[90m# LoginStepDefinition.verify_error_message()&amp#27;[0m
]]></system-out>
    <system-err><![CDATA[SLF4J: Failed to load class "org.slf4j.impl.StaticLoggerBinder".
SLF4J: Defaulting to no-operation (NOP) logger implementation
SLF4J: See http://www.slf4j.org/codes.html#StaticLoggerBinder for further details.
Starting ChromeDriver 84.0.4147.30 (48b3e868b4cc0aa7e8149519690b6f6949e110a8-refs/branch-heads/4147@{#310}) on port 15098
Only local connections are allowed.
Please see https://chromedriver.chromium.org/security-considerations for suggestions on keeping ChromeDriver safe.
ChromeDriver was started successfully.
Aug 12, 2020 12:51:22 PM org.openqa.selenium.remote.ProtocolHandshake createSession
INFO: Detected dialect: W3C
Starting ChromeDriver 84.0.4147.30 (48b3e868b4cc0aa7e8149519690b6f6949e110a8-refs/branch-heads/4147@{#310}) on port 30233
Only local connections are allowed.
Please see https://chromedriver.chromium.org/security-considerations for suggestions on keeping ChromeDriver safe.
ChromeDriver was started successfully.
Aug 12, 2020 12:51:26 PM org.openqa.selenium.remote.ProtocolHandshake createSession
INFO: Detected dialect: W3C
]]></system-err>
  </testcase>
</testsuite>