<?xml version="1.0" encoding="UTF-8"?>
<testng-results skipped="0" failed="0" ignored="0" total="1" passed="1">
  <reporter-output>
  </reporter-output>
  <suite name="Suite" duration-ms="8488" started-at="2020-08-12T07:21:19Z" finished-at="2020-08-12T07:21:27Z">
    <groups>
      <group name="cucumber">
        <method signature="AbstractTestNGCucumberTests.feature(cucumber.api.testng.CucumberFeatureWrapper)[pri:0, instance:runner.TestRunner@91161c7]" name="feature" class="cucumber.api.testng.AbstractTestNGCucumberTests"/>
      </group> <!-- cucumber -->
    </groups>
    <test name="Test" duration-ms="8488" started-at="2020-08-12T07:21:19Z" finished-at="2020-08-12T07:21:27Z">
      <class name="runner.TestRunner">
        <test-method status="PASS" signature="setUpClass()[pri:0, instance:runner.TestRunner@91161c7]" name="setUpClass" is-config="true" duration-ms="173" started-at="2020-08-12T07:21:19Z" finished-at="2020-08-12T07:21:19Z">
          <reporter-output>
          </reporter-output>
        </test-method> <!-- setUpClass -->
        <test-method status="PASS" signature="feature(cucumber.api.testng.CucumberFeatureWrapper)[pri:0, instance:runner.TestRunner@91161c7]" name="feature" duration-ms="8183" started-at="2020-08-12T07:21:19Z" description="Runs Cucumber Feature" data-provider="features" finished-at="2020-08-12T07:21:27Z">
          <params>
            <param index="0">
              <value>
                <![CDATA[Login features]]>
              </value>
            </param>
          </params>
          <reporter-output>
          </reporter-output>
        </test-method> <!-- feature -->
        <test-method status="PASS" signature="tearDownClass()[pri:0, instance:runner.TestRunner@91161c7]" name="tearDownClass" is-config="true" duration-ms="44" started-at="2020-08-12T07:21:27Z" finished-at="2020-08-12T07:21:27Z">
          <reporter-output>
          </reporter-output>
        </test-method> <!-- tearDownClass -->
      </class> <!-- runner.TestRunner -->
    </test> <!-- Test -->
  </suite> <!-- Suite -->
</testng-results>
