<?xml version="1.0" encoding="UTF-8"?>
<testng-results skipped="0" failed="0" ignored="4" total="6" passed="2">
  <reporter-output>
  </reporter-output>
  <suite name="Suite" duration-ms="13927" started-at="2020-11-07T10:30:36Z" finished-at="2020-11-07T10:30:50Z">
    <groups>
      <group name="smoke">
        <method signature="AddToCartTest.addToCartTest()[pri:0, instance:com.framework.testcase.AddToCartTest@1e127982]" name="addToCartTest" class="com.framework.testcase.AddToCartTest"/>
        <method signature="LoginTest.validLoginTest()[pri:0, instance:com.framework.testcase.LoginTest@617faa95]" name="validLoginTest" class="com.framework.testcase.LoginTest"/>
      </group> <!-- smoke -->
    </groups>
    <test name="Test" duration-ms="13927" started-at="2020-11-07T10:30:36Z" finished-at="2020-11-07T10:30:50Z">
      <class name="com.framework.testcase.LoginTest">
        <test-method status="PASS" signature="beforeSuite()[pri:0, instance:com.framework.testcase.LoginTest@617faa95]" name="beforeSuite" is-config="true" duration-ms="247" started-at="2020-11-07T10:30:36Z" finished-at="2020-11-07T10:30:36Z">
          <reporter-output>
          </reporter-output>
        </test-method> <!-- beforeSuite -->
        <test-method status="PASS" signature="beforeMethod()[pri:0, instance:com.framework.testcase.LoginTest@617faa95]" name="beforeMethod" is-config="true" duration-ms="5843" started-at="2020-11-07T10:30:36Z" finished-at="2020-11-07T10:30:42Z">
          <reporter-output>
          </reporter-output>
        </test-method> <!-- beforeMethod -->
        <test-method status="PASS" signature="validLoginTest()[pri:0, instance:com.framework.testcase.LoginTest@617faa95]" name="validLoginTest" duration-ms="1961" started-at="2020-11-07T10:30:42Z" finished-at="2020-11-07T10:30:44Z">
          <reporter-output>
          </reporter-output>
        </test-method> <!-- validLoginTest -->
        <test-method status="PASS" signature="afterMethod()[pri:0, instance:com.framework.testcase.LoginTest@617faa95]" name="afterMethod" is-config="true" duration-ms="59" started-at="2020-11-07T10:30:44Z" finished-at="2020-11-07T10:30:44Z">
          <reporter-output>
          </reporter-output>
        </test-method> <!-- afterMethod -->
        <test-method status="PASS" signature="afterSuite()[pri:0, instance:com.framework.testcase.LoginTest@617faa95]" name="afterSuite" is-config="true" duration-ms="329" started-at="2020-11-07T10:30:50Z" finished-at="2020-11-07T10:30:51Z">
          <reporter-output>
          </reporter-output>
        </test-method> <!-- afterSuite -->
      </class> <!-- com.framework.testcase.LoginTest -->
      <class name="com.framework.testcase.AddToCartTest">
        <test-method status="PASS" signature="beforeMethod()[pri:0, instance:com.framework.testcase.AddToCartTest@1e127982]" name="beforeMethod" is-config="true" duration-ms="1875" started-at="2020-11-07T10:30:44Z" finished-at="2020-11-07T10:30:46Z">
          <reporter-output>
          </reporter-output>
        </test-method> <!-- beforeMethod -->
        <test-method status="PASS" signature="addToCartTest()[pri:0, instance:com.framework.testcase.AddToCartTest@1e127982]" name="addToCartTest" duration-ms="4119" started-at="2020-11-07T10:30:46Z" finished-at="2020-11-07T10:30:50Z">
          <reporter-output>
          </reporter-output>
        </test-method> <!-- addToCartTest -->
        <test-method status="PASS" signature="afterMethod()[pri:0, instance:com.framework.testcase.AddToCartTest@1e127982]" name="afterMethod" is-config="true" duration-ms="53" started-at="2020-11-07T10:30:50Z" finished-at="2020-11-07T10:30:50Z">
          <reporter-output>
          </reporter-output>
        </test-method> <!-- afterMethod -->
      </class> <!-- com.framework.testcase.AddToCartTest -->
    </test> <!-- Test -->
  </suite> <!-- Suite -->
</testng-results>
